[10:23:43] [main/INFO] (FabricLoader/GameProvider) Loading Minecraft 1.21.6 with Fabric Loader 0.17.2
[10:23:44] [main/INFO] (FabricLoader) Loading 49 mods:
	- fabric-api 0.128.2+1.21.6
	- fabric-api-base 0.4.64+9ec45cd896
	- fabric-api-lookup-api-v1 1.6.100+946bf4c396
	- fabric-biome-api-v1 16.0.11+946bf4c396
	- fabric-block-api-v1 1.1.3+946bf4c396
	- fabric-block-view-api-v2 1.0.31+946bf4c396
	- fabric-client-gametest-api-v1 4.2.5+98137fcb96
	- fabric-command-api-v2 2.2.53+946bf4c396
	- fabric-content-registries-v0 10.0.18+946bf4c396
	- fabric-convention-tags-v1 2.1.38+7f945d5b96
	- fabric-convention-tags-v2 2.15.3+946bf4c396
	- fabric-crash-report-info-v1 0.3.15+946bf4c396
	- fabric-data-attachment-api-v1 1.8.10+946bf4c396
	- fabric-data-generation-api-v1 23.2.3+c265f73696
	- fabric-dimensions-v1 4.0.19+946bf4c396
	- fabric-entity-events-v1 2.1.1+c9e4727396
	- fabric-events-interaction-v0 4.0.23+946bf4c396
	- fabric-game-rule-api-v1 1.0.73+12a186f696
	- fabric-gametest-api-v1 3.1.9+39ce47f596
	- fabric-item-api-v1 11.4.3+946bf4c396
	- fabric-item-group-api-v1 4.2.13+946bf4c396
	- fabric-key-binding-api-v1 1.0.65+946bf4c396
	- fabric-lifecycle-events-v1 2.6.3+db4dfd8596
	- fabric-loot-api-v2 3.0.55+3f89f5a596
	- fabric-loot-api-v3 2.0.2+946bf4c396
	- fabric-message-api-v1 6.1.1+946bf4c396
	- fabric-model-loading-api-v1 5.2.5+946bf4c396
	- fabric-networking-api-v1 5.0.1+946bf4c396
	- fabric-object-builder-api-v1 21.1.7+946bf4c396
	- fabric-particles-v1 4.1.7+946bf4c396
	- fabric-recipe-api-v1 8.1.14+946bf4c396
	- fabric-registry-sync-v0 6.1.27+946bf4c396
	- fabric-renderer-api-v1 7.0.2+946bf4c396
	- fabric-renderer-indigo 4.0.2+946bf4c396
	- fabric-rendering-fluids-v1 3.1.30+fa6cb72b96
	- fabric-rendering-v1 12.4.0+e8d43c7696
	- fabric-resource-conditions-api-v1 5.0.24+946bf4c396
	- fabric-resource-loader-v0 3.1.11+946bf4c396
	- fabric-screen-api-v1 2.0.51+946bf4c396
	- fabric-screen-handler-api-v1 1.3.136+946bf4c396
	- fabric-sound-api-v1 1.0.42+946bf4c396
	- fabric-tag-api-v1 1.2.1+946bf4c396
	- fabric-transfer-api-v1 6.0.5+946bf4c396
	- fabric-transitive-access-wideners-v1 6.4.1+ac3e15d196
	- fabricloader 0.17.2
	- java 21
	- minecraft 1.21.6
	- mixinextras 0.5.0
	- tutorialmod 1.0.0
[10:23:44] [main/INFO] (FabricLoader/Mixin) SpongePowered MIXIN Subsystem Version=0.8.7 Source=file:/C:/Users/Owner/.gradle/caches/modules-2/files-2.1/net.fabricmc/sponge-mixin/0.16.3+mixin.0.8.7/3e535042688d1265447e52ad86950b7d9678a5fa/sponge-mixin-0.16.3+mixin.0.8.7.jar Service=Knot/Fabric Env=CLIENT
[10:23:45] [main/INFO] (FabricLoader/Mixin) Loaded Fabric development mappings for mixin remapper!
[10:23:45] [main/INFO] (FabricLoader/Mixin) Compatibility level set to JAVA_21
[10:23:48] [main/INFO] (FabricLoader/MixinExtras|Service) Initializing MixinExtras via com.llamalad7.mixinextras.service.MixinExtrasServiceImpl(version=0.5.0).
[10:23:51] [Datafixer Bootstrap/INFO] (Minecraft) 269 Datafixer optimizations took 1422 milliseconds
[10:24:05] [Render thread/INFO] (Minecraft) Environment: Environment[sessionHost=https://sessionserver.mojang.com, servicesHost=https://api.minecraftservices.com, name=PROD]
[10:24:05] [Render thread/INFO] (Minecraft) Setting user: Player174
[10:24:05] [Render thread/INFO] (tutorialmod) Registering Mod Items for tutorialmod
[10:24:05] [Render thread/INFO] (tutorialmod) Registering Mod Blocks for tutorialmod
[10:24:05] [Render thread/INFO] (tutorialmod) Registering Item Groups for tutorialmod
[10:24:05] [Render thread/INFO] (tutorialmod) Registering Pink Garnet Ore for tutorialmod
[10:24:05] [Render thread/INFO] (tutorialmod) Registering Mod Sounds for tutorialmod
[10:24:05] [Render thread/INFO] (tutorialmod) Registering Silt for tutorialmod
[10:24:06] [Render thread/INFO] (Indigo) [Indigo] Registering Indigo renderer!
[10:24:07] [Render thread/INFO] (Minecraft) Backend library: LWJGL version 3.3.3-snapshot
[10:24:08] [Render thread/INFO] (Minecraft) Using optional rendering extensions: GL_ARB_buffer_storage, GL_KHR_debug, GL_ARB_vertex_attrib_binding, GL_ARB_direct_state_access
[10:24:10] [Render thread/INFO] (Minecraft) Reloading ResourceManager: vanilla, fabric, fabric-api, fabric-api-base, fabric-api-lookup-api-v1, fabric-biome-api-v1, fabric-block-api-v1, fabric-block-view-api-v2, fabric-client-gametest-api-v1, fabric-command-api-v2, fabric-content-registries-v0, fabric-convention-tags-v1, fabric-convention-tags-v2, fabric-crash-report-info-v1, fabric-data-attachment-api-v1, fabric-data-generation-api-v1, fabric-dimensions-v1, fabric-entity-events-v1, fabric-events-interaction-v0, fabric-game-rule-api-v1, fabric-gametest-api-v1, fabric-item-api-v1, fabric-item-group-api-v1, fabric-key-binding-api-v1, fabric-lifecycle-events-v1, fabric-loot-api-v2, fabric-loot-api-v3, fabric-message-api-v1, fabric-model-loading-api-v1, fabric-networking-api-v1, fabric-object-builder-api-v1, fabric-particles-v1, fabric-recipe-api-v1, fabric-registry-sync-v0, fabric-renderer-api-v1, fabric-renderer-indigo, fabric-rendering-fluids-v1, fabric-rendering-v1, fabric-resource-conditions-api-v1, fabric-resource-loader-v0, fabric-screen-api-v1, fabric-screen-handler-api-v1, fabric-sound-api-v1, fabric-tag-api-v1, fabric-transfer-api-v1, fabric-transitive-access-wideners-v1, fabricloader, tutorialmod
[10:24:10] [Worker-Main-5/INFO] (Minecraft) Found unifont_all_no_pua-16.0.03.hex, loading
[10:24:10] [Worker-Main-4/INFO] (Minecraft) Found unifont_pua-16.0.03.hex, loading
[10:24:11] [Worker-Main-5/INFO] (Minecraft) Found unifont_jp_patch-16.0.03.hex, loading
[10:24:13] [Worker-Main-7/WARN] (Minecraft) Missing textures in model tutorialmod:block/cherry_barn_trapdoor_bottom:
    minecraft:textures/atlas/blocks.png:tutorialmod:block/cherry_barn_trapdoor
[10:24:13] [Worker-Main-7/WARN] (Minecraft) Missing textures in model tutorialmod:block/stacked_raw_gold_blocks:
    minecraft:textures/atlas/blocks.png:tutorialmod:block/stacked_raw_gold_blocks
[10:24:13] [Worker-Main-7/WARN] (Minecraft) Missing textures in model tutorialmod:block/cherry_barn_trapdoor_top:
    minecraft:textures/atlas/blocks.png:tutorialmod:block/cherry_barn_trapdoor
[10:24:13] [Worker-Main-7/WARN] (Minecraft) Missing textures in model tutorialmod:block/strawberry_stage0:
    minecraft:textures/atlas/blocks.png:tutorialmod:block/strawberry_stage0
[10:24:13] [Worker-Main-7/WARN] (Minecraft) Missing textures in model tutorialmod:block/strawberry_stage1:
    minecraft:textures/atlas/blocks.png:tutorialmod:block/strawberry_stage1
[10:24:13] [Worker-Main-7/WARN] (Minecraft) Missing textures in model tutorialmod:block/cherry_barn_trapdoor_open:
    minecraft:textures/atlas/blocks.png:tutorialmod:block/cherry_barn_trapdoor
[10:24:13] [Worker-Main-7/WARN] (Minecraft) Missing textures in model tutorialmod:block/strawberry_stage2:
    minecraft:textures/atlas/blocks.png:tutorialmod:block/strawberry_stage2
[10:24:13] [Worker-Main-7/WARN] (Minecraft) Missing textures in model tutorialmod:block/strawberry_stage3:
    minecraft:textures/atlas/blocks.png:tutorialmod:block/strawberry_stage3
[10:24:13] [Worker-Main-7/WARN] (Minecraft) Missing model for variant: 'Block{tutorialmod:potted_dahlia}'
[10:24:15] [Render thread/WARN] (Minecraft) Missing sound for event: tutorialmod:heavy2
[10:24:15] [Render thread/WARN] (Minecraft) Missing sound for event: tutorialmod:heavy3
[10:24:15] [Render thread/WARN] (Minecraft) Missing sound for event: tutorialmod:heavy4
[10:24:15] [Render thread/WARN] (Minecraft) Missing sound for event: tutorialmod:light1
[10:24:15] [Render thread/WARN] (Minecraft) Missing sound for event: tutorialmod:light2
[10:24:15] [Render thread/WARN] (Minecraft) Missing sound for event: tutorialmod:light3
[10:24:15] [Render thread/WARN] (Minecraft) Missing sound for event: tutorialmod:light4
[10:24:16] [Render thread/INFO] (Minecraft) OpenAL initialized on device OpenAL Soft on Speakers (Realtek(R) Audio)
[10:24:16] [Render thread/INFO] (Minecraft) Sound engine started
[10:24:16] [Render thread/INFO] (Minecraft) Created: 1024x512x4 minecraft:textures/atlas/blocks.png-atlas
[10:24:19] [Render thread/INFO] (Minecraft) Created: 256x256x4 minecraft:textures/atlas/signs.png-atlas
[10:24:19] [Render thread/INFO] (Minecraft) Created: 512x512x4 minecraft:textures/atlas/shield_patterns.png-atlas
[10:24:19] [Render thread/INFO] (Minecraft) Created: 512x512x4 minecraft:textures/atlas/banner_patterns.png-atlas
[10:24:20] [Render thread/INFO] (Minecraft) Created: 2048x1024x4 minecraft:textures/atlas/armor_trims.png-atlas
[10:24:21] [Render thread/INFO] (Minecraft) Created: 128x64x4 minecraft:textures/atlas/decorated_pot.png-atlas
[10:24:21] [Render thread/INFO] (Minecraft) Created: 256x256x4 minecraft:textures/atlas/chest.png-atlas
[10:24:21] [Render thread/INFO] (Minecraft) Created: 512x256x4 minecraft:textures/atlas/shulker_boxes.png-atlas
[10:24:21] [Render thread/INFO] (Minecraft) Created: 512x256x4 minecraft:textures/atlas/beds.png-atlas
[10:24:21] [Render thread/INFO] (Minecraft) Created: 64x64x0 minecraft:textures/atlas/map_decorations.png-atlas
[10:24:22] [Render thread/INFO] (Minecraft) Created: 512x256x0 minecraft:textures/atlas/particles.png-atlas
[10:24:22] [Render thread/INFO] (Minecraft) Created: 512x256x0 minecraft:textures/atlas/paintings.png-atlas
[10:24:22] [Render thread/INFO] (Minecraft) Created: 1024x512x0 minecraft:textures/atlas/gui.png-atlas
[10:24:32] [Render thread/INFO] (Minecraft) Loaded 1421 recipes
[10:24:32] [Render thread/INFO] (Minecraft) Loaded 1534 advancements
[10:24:32] [Render thread/INFO] (BiomeModificationImpl) Applied 54 biome modifications to 54 of 65 new biomes in 22.91 ms
[10:24:32] [Server thread/INFO] (Minecraft) Starting integrated minecraft server version 1.21.6
[10:24:32] [Server thread/INFO] (Minecraft) Generating keypair
[10:24:34] [Server thread/INFO] (Minecraft) Preparing start region for dimension minecraft:overworld
[10:24:38] [Render thread/INFO] (Minecraft) Preparing spawn area: 0%
[10:24:38] [Render thread/INFO] (Minecraft) Preparing spawn area: 0%
[10:24:38] [Render thread/INFO] (Minecraft) Preparing spawn area: 0%
[10:24:38] [Render thread/INFO] (Minecraft) Preparing spawn area: 0%
[10:24:38] [Render thread/INFO] (Minecraft) Preparing spawn area: 0%
[10:24:38] [Render thread/INFO] (Minecraft) Preparing spawn area: 0%
[10:24:38] [Render thread/INFO] (Minecraft) Preparing spawn area: 0%
[10:24:38] [Render thread/INFO] (Minecraft) Preparing spawn area: 0%
[10:24:39] [Render thread/INFO] (Minecraft) Preparing spawn area: 89%
[10:24:39] [Render thread/INFO] (Minecraft) Time elapsed: 4344 ms
[10:24:39] [Server thread/WARN] (TranslationConventionLogWarnings) 
	Dev warning - Untranslated Item Tags detected. Please translate your item tags so other mods such as recipe viewers can properly display your tag's name.
	The format desired is tag.item.<namespace>.<path> for the translation key with slashes in path turned into periods.
	To disable this message, set this system property in your runs: `-Dfabric-tag-conventions-v2.missingTagTranslationWarning=SILENCED`.
	To see individual untranslated item tags found, set the system property to `-Dfabric-tag-conventions-v2.missingTagTranslationWarning=VERBOSE`.
	Default is `SHORT`.

[10:24:39] [Server thread/INFO] (Minecraft) Changing view distance to 12, from 10
[10:24:39] [Server thread/INFO] (Minecraft) Changing simulation distance to 12, from 0
[10:24:42] [Server thread/INFO] (Minecraft) Player174[local:E:7873e782] logged in with entity id 16 at (-671.2153494696535, 95.0, 668.9161221436614)
[10:24:42] [Server thread/INFO] (Minecraft) Player174 joined the game
[10:24:43] [Render thread/INFO] (Minecraft) Loaded 4 advancements
[10:24:43] [Render thread/INFO] (Minecraft) Resizing Dynamic Transforms UBO, capacity limit of 2 reached during a single frame. New capacity will be 4.
[10:24:43] [Render thread/INFO] (Minecraft) Resizing Dynamic Transforms UBO, capacity limit of 4 reached during a single frame. New capacity will be 8.
[10:24:43] [Render thread/INFO] (Minecraft) Resizing Dynamic Transforms UBO, capacity limit of 8 reached during a single frame. New capacity will be 16.
[10:24:44] [Render thread/INFO] (Minecraft) Resizing Dynamic Transforms UBO, capacity limit of 16 reached during a single frame. New capacity will be 32.
[10:24:44] [Render thread/INFO] (Minecraft) Resizing Dynamic Transforms UBO, capacity limit of 32 reached during a single frame. New capacity will be 64.
[10:24:45] [Render thread/INFO] (Minecraft) Resizing Dynamic Transforms UBO, capacity limit of 64 reached during a single frame. New capacity will be 128.
[10:24:45] [Render thread/INFO] (Minecraft) Resizing Dynamic Transforms UBO, capacity limit of 128 reached during a single frame. New capacity will be 256.
[10:24:48] [Render thread/ERROR] (Minecraft) Unreported exception thrown!
java.lang.IllegalArgumentException: Stack size must be exactly 1
	at knot/net.minecraft.item.ItemGroup$EntriesImpl.add(ItemGroup.java:243) ~[minecraft-merged-077c1ca8a6-1.21.6-net.fabricmc.yarn.1_21_6.1.21.6+build.1-v2.jar:?]
	at knot/net.minecraft.item.ItemGroup$Entries.add(ItemGroup.java:217) ~[minecraft-merged-077c1ca8a6-1.21.6-net.fabricmc.yarn.1_21_6.1.21.6+build.1-v2.jar:?]
	at knot/com.sydney.tutorialmod.item.ModItemGroups.lambda$static$1(ModItemGroups.java:35) ~[main/:?]
	at knot/net.minecraft.item.ItemGroup.updateEntries(ItemGroup.java:109) ~[minecraft-merged-077c1ca8a6-1.21.6-net.fabricmc.yarn.1_21_6.1.21.6+build.1-v2.jar:?]
	at knot/net.minecraft.item.ItemGroups.method_47338(ItemGroups.java:2002) ~[minecraft-merged-077c1ca8a6-1.21.6-net.fabricmc.yarn.1_21_6.1.21.6+build.1-v2.jar:?]
	at java.base/java.util.stream.ForEachOps$ForEachOp$OfRef.accept(ForEachOps.java:184) ~[?:?]
	at java.base/java.util.stream.ReferencePipeline$2$1.accept(ReferencePipeline.java:179) ~[?:?]
	at java.base/java.util.Iterator.forEachRemaining(Iterator.java:133) ~[?:?]
	at java.base/java.util.Spliterators$IteratorSpliterator.forEachRemaining(Spliterators.java:1939) ~[?:?]
	at java.base/java.util.stream.AbstractPipeline.copyInto(AbstractPipeline.java:509) ~[?:?]
	at java.base/java.util.stream.AbstractPipeline.wrapAndCopyInto(AbstractPipeline.java:499) ~[?:?]
	at java.base/java.util.stream.ForEachOps$ForEachOp.evaluateSequential(ForEachOps.java:151) ~[?:?]
	at java.base/java.util.stream.ForEachOps$ForEachOp$OfRef.evaluateSequential(ForEachOps.java:174) ~[?:?]
	at java.base/java.util.stream.AbstractPipeline.evaluate(AbstractPipeline.java:234) ~[?:?]
	at java.base/java.util.stream.ReferencePipeline.forEach(ReferencePipeline.java:596) ~[?:?]
	at knot/net.minecraft.item.ItemGroups.updateEntries(ItemGroups.java:2002) ~[minecraft-merged-077c1ca8a6-1.21.6-net.fabricmc.yarn.1_21_6.1.21.6+build.1-v2.jar:?]
	at knot/net.minecraft.item.ItemGroups.updateDisplayContext(ItemGroups.java:2011) ~[minecraft-merged-077c1ca8a6-1.21.6-net.fabricmc.yarn.1_21_6.1.21.6+build.1-v2.jar:?]
	at knot/net.minecraft.client.gui.screen.ingame.CreativeInventoryScreen.populateDisplay(CreativeInventoryScreen.java:155) ~[minecraft-merged-077c1ca8a6-1.21.6-net.fabricmc.yarn.1_21_6.1.21.6+build.1-v2.jar:?]
	at knot/net.minecraft.client.gui.screen.ingame.CreativeInventoryScreen.<init>(CreativeInventoryScreen.java:126) ~[minecraft-merged-077c1ca8a6-1.21.6-net.fabricmc.yarn.1_21_6.1.21.6+build.1-v2.jar:?]
	at knot/net.minecraft.client.gui.screen.ingame.InventoryScreen.init(InventoryScreen.java:53) ~[minecraft-merged-077c1ca8a6-1.21.6-net.fabricmc.yarn.1_21_6.1.21.6+build.1-v2.jar:?]
	at knot/net.minecraft.client.gui.screen.Screen.init(Screen.java:355) ~[minecraft-merged-077c1ca8a6-1.21.6-net.fabricmc.yarn.1_21_6.1.21.6+build.1-v2.jar:?]
	at knot/net.minecraft.client.MinecraftClient.setScreen(MinecraftClient.java:1214) ~[minecraft-merged-077c1ca8a6-1.21.6-net.fabricmc.yarn.1_21_6.1.21.6+build.1-v2.jar:?]
	at knot/net.minecraft.client.MinecraftClient.handleInputEvents(MinecraftClient.java:2004) ~[minecraft-merged-077c1ca8a6-1.21.6-net.fabricmc.yarn.1_21_6.1.21.6+build.1-v2.jar:?]
	at knot/net.minecraft.client.MinecraftClient.tick(MinecraftClient.java:1869) ~[minecraft-merged-077c1ca8a6-1.21.6-net.fabricmc.yarn.1_21_6.1.21.6+build.1-v2.jar:?]
	at knot/net.minecraft.client.MinecraftClient.render(MinecraftClient.java:1325) ~[minecraft-merged-077c1ca8a6-1.21.6-net.fabricmc.yarn.1_21_6.1.21.6+build.1-v2.jar:?]
	at knot/net.minecraft.client.MinecraftClient.run(MinecraftClient.java:955) [minecraft-merged-077c1ca8a6-1.21.6-net.fabricmc.yarn.1_21_6.1.21.6+build.1-v2.jar:?]
	at knot/net.minecraft.client.main.Main.main(Main.java:239) [minecraft-merged-077c1ca8a6-1.21.6-net.fabricmc.yarn.1_21_6.1.21.6+build.1-v2.jar:?]
	at net.fabricmc.loader.impl.game.minecraft.MinecraftGameProvider.launch(MinecraftGameProvider.java:506) [fabric-loader-0.17.2.jar:?]
	at net.fabricmc.loader.impl.launch.knot.Knot.launch(Knot.java:72) [fabric-loader-0.17.2.jar:?]
	at net.fabricmc.loader.impl.launch.knot.KnotClient.main(KnotClient.java:23) [fabric-loader-0.17.2.jar:?]
	at net.fabricmc.devlaunchinjector.Main.main(Main.java:86) [dev-launch-injector-0.2.1+build.8.jar:?]
[10:24:50] [Server thread/WARN] (Minecraft) Can't keep up! Is the server overloaded? Running 2350ms or 47 ticks behind
[10:24:50] [Server thread/INFO] (Minecraft) Stopping server
[10:24:50] [Server thread/INFO] (Minecraft) Saving players
[10:24:50] [Server thread/INFO] (Minecraft) Saving worlds
[10:24:50] [Server thread/INFO] (Minecraft) Saving chunks for level 'ServerLevel[New World]'/minecraft:overworld
[10:24:51] [Server thread/INFO] (Minecraft) Saving chunks for level 'ServerLevel[New World]'/minecraft:the_end
[10:24:51] [Server thread/INFO] (Minecraft) Saving chunks for level 'ServerLevel[New World]'/minecraft:the_nether
[10:24:51] [Server thread/INFO] (Minecraft) ThreadedAnvilChunkStorage (New World (1)): All chunks are saved
[10:24:51] [Server thread/INFO] (Minecraft) ThreadedAnvilChunkStorage (DIM1): All chunks are saved
[10:24:51] [Server thread/INFO] (Minecraft) ThreadedAnvilChunkStorage (DIM-1): All chunks are saved
[10:24:51] [Server thread/INFO] (Minecraft) ThreadedAnvilChunkStorage: All dimensions are saved
